<?xml version="1.0" encoding="UTF-8"?>
<testng-results skipped="0" failed="0" total="1" passed="1">
  <reporter-output>
  </reporter-output>
  <suite name="Default suite" duration-ms="24252" started-at="2018-07-06T04:42:11Z" finished-at="2018-07-06T04:42:35Z">
    <groups>
    </groups>
    <test name="Default test" duration-ms="24252" started-at="2018-07-06T04:42:11Z" finished-at="2018-07-06T04:42:35Z">
      <class name="com.qainfotech.appium.FlipkartAutomation.TestClass">
        <test-method status="PASS" signature="setCapabilitiesAndLaunchApp()[pri:0, instance:com.qainfotech.appium.FlipkartAutomation.TestClass@6f7fd0e6]" name="setCapabilitiesAndLaunchApp" is-config="true" duration-ms="4454" started-at="2018-07-06T10:12:11Z" finished-at="2018-07-06T10:12:16Z">
          <reporter-output>
          </reporter-output>
        </test-method> <!-- setCapabilitiesAndLaunchApp -->
        <test-method status="PASS" signature="Login()[pri:0, instance:com.qainfotech.appium.FlipkartAutomation.TestClass@6f7fd0e6]" name="Login" duration-ms="19790" started-at="2018-07-06T10:12:16Z" finished-at="2018-07-06T10:12:35Z">
          <reporter-output>
          </reporter-output>
        </test-method> <!-- Login -->
      </class> <!-- com.qainfotech.appium.FlipkartAutomation.TestClass -->
    </test> <!-- Default test -->
  </suite> <!-- Default suite -->
</testng-results>
